[2025-09-11 17:46:04.112] [INFO] [main] Starting Havana...
[2025-09-11 17:46:04.114] [INFO] [main] Connecting to MySQL server
[2025-09-11 17:46:04.151] [ERROR] [main] Error when executing MySQL query: 
com.zaxxer.hikari.pool.HikariPool$PoolInitializationException: Failed to initialize pool: Could not connect to address=(host=)(port=0)(type=master) : Cannot assign requested address: connect
	at com.zaxxer.hikari.pool.HikariPool.throwPoolInitializationException(HikariPool.java:597)
	at com.zaxxer.hikari.pool.HikariPool.checkFailFast(HikariPool.java:576)
	at com.zaxxer.hikari.pool.HikariPool.<init>(HikariPool.java:115)
	at com.zaxxer.hikari.HikariDataSource.<init>(HikariDataSource.java:81)
	at org.alexdev.havana.dao.Storage.<init>(Storage.java:50)
	at org.alexdev.havana.dao.Storage.connect(Storage.java:71)
	at org.alexdev.havana.Havana.main(Havana.java:98)
Caused by: java.sql.SQLNonTransientConnectionException: Could not connect to address=(host=)(port=0)(type=master) : Cannot assign requested address: connect
	at org.mariadb.jdbc.internal.util.exceptions.ExceptionMapper.get(ExceptionMapper.java:234)
	at org.mariadb.jdbc.internal.util.exceptions.ExceptionMapper.connException(ExceptionMapper.java:95)
	at org.mariadb.jdbc.internal.protocol.AbstractConnectProtocol.connectWithoutProxy(AbstractConnectProtocol.java:1203)
	at org.mariadb.jdbc.internal.util.Utils.retrieveProxy(Utils.java:560)
	at org.mariadb.jdbc.MariaDbConnection.newConnection(MariaDbConnection.java:174)
	at org.mariadb.jdbc.Driver.connect(Driver.java:92)
	at com.zaxxer.hikari.util.DriverDataSource.getConnection(DriverDataSource.java:138)
	at com.zaxxer.hikari.pool.PoolBase.newConnection(PoolBase.java:353)
	at com.zaxxer.hikari.pool.PoolBase.newPoolEntry(PoolBase.java:201)
	at com.zaxxer.hikari.pool.HikariPool.createPoolEntry(HikariPool.java:473)
	at com.zaxxer.hikari.pool.HikariPool.checkFailFast(HikariPool.java:562)
	... 5 more
Caused by: java.net.BindException: Cannot assign requested address: connect
	at java.base/sun.nio.ch.Net.connect0(Native Method)
	at java.base/sun.nio.ch.Net.connect(Net.java:579)
	at java.base/sun.nio.ch.Net.connect(Net.java:568)
	at java.base/sun.nio.ch.NioSocketImpl.connect(NioSocketImpl.java:593)
	at java.base/java.net.SocksSocketImpl.connect(SocksSocketImpl.java:327)
	at java.base/java.net.Socket.connect(Socket.java:633)
	at org.mariadb.jdbc.internal.protocol.AbstractConnectProtocol.connect(AbstractConnectProtocol.java:501)
	at org.mariadb.jdbc.internal.protocol.AbstractConnectProtocol.connectWithoutProxy(AbstractConnectProtocol.java:1195)
	... 13 more
[2025-09-11 17:46:04.151] [ERROR] [main] Could not connect
